  [1m[35m (107.2ms)[0m  [1m[35mCREATE TABLE "schema_migrations" ("version" varchar NOT NULL PRIMARY KEY)[0m
  [1m[35m (0.7ms)[0m  [1m[35mCREATE TABLE "ar_internal_metadata" ("key" varchar NOT NULL PRIMARY KEY, "value" varchar, "created_at" datetime(6) NOT NULL, "updated_at" datetime(6) NOT NULL)[0m
  [1m[36mActiveRecord::InternalMetadata Load (0.1ms)[0m  [1m[34mSELECT * FROM "ar_internal_metadata" WHERE "ar_internal_metadata"."key" = ? ORDER BY "ar_internal_metadata"."key" ASC LIMIT 1[0m  [[nil, "environment"]]
  [1m[36mActiveRecord::InternalMetadata Create (0.2ms)[0m  [1m[32mINSERT INTO "ar_internal_metadata" ("key", "value", "created_at", "updated_at") VALUES ('environment', 'development', '2025-02-21 01:16:19.574408', '2025-02-21 01:16:19.574412') RETURNING "key"[0m
  [1m[36mActiveRecord::SchemaMigration Load (0.1ms)[0m  [1m[34mSELECT "schema_migrations"."version" FROM "schema_migrations" ORDER BY "schema_migrations"."version" ASC[0m
Migrating to CreateContainers (20250221011445)
  [1m[36mTRANSACTION (0.1ms)[0m  [1m[36mbegin transaction[0m
  [1m[35m (1.7ms)[0m  [1m[35mCREATE TABLE "containers" ("id" integer PRIMARY KEY AUTOINCREMENT NOT NULL, "name" varchar, "image" varchar, "status" varchar, "created_at" datetime(6) NOT NULL, "updated_at" datetime(6) NOT NULL)[0m
  [1m[36mActiveRecord::SchemaMigration Create (0.2ms)[0m  [1m[32mINSERT INTO "schema_migrations" ("version") VALUES ('20250221011445') RETURNING "version"[0m
  [1m[36mTRANSACTION (0.1ms)[0m  [1m[36mcommit transaction[0m
  [1m[36mActiveRecord::SchemaMigration Load (0.1ms)[0m  [1m[34mSELECT "schema_migrations"."version" FROM "schema_migrations" ORDER BY "schema_migrations"."version" ASC[0m
Started GET "/rails/info/routes" for ::1 at 2025-02-20 22:34:36 -0300
  [1m[36mActiveRecord::SchemaMigration Load (0.1ms)[0m  [1m[34mSELECT "schema_migrations"."version" FROM "schema_migrations" ORDER BY "schema_migrations"."version" ASC[0m
Processing by Rails::InfoController#routes as HTML
  Rendering layout /home/josue/.rvm/gems/ruby-3.2.0/gems/railties-7.2.2.1/lib/rails/templates/layouts/application.html.erb
  Rendering /home/josue/.rvm/gems/ruby-3.2.0/gems/railties-7.2.2.1/lib/rails/templates/rails/info/routes.html.erb within layouts/application
  Rendered collection of /home/josue/.rvm/gems/ruby-3.2.0/gems/actionpack-7.2.2.1/lib/action_dispatch/middleware/templates/routes/_route.html.erb [30 times] (Duration: 16.1ms | GC: 1.9ms)
  Rendered /home/josue/.rvm/gems/ruby-3.2.0/gems/actionpack-7.2.2.1/lib/action_dispatch/middleware/templates/routes/_table.html.erb (Duration: 3.4ms | GC: 0.0ms)
  Rendered /home/josue/.rvm/gems/ruby-3.2.0/gems/railties-7.2.2.1/lib/rails/templates/rails/info/routes.html.erb within layouts/application (Duration: 28.8ms | GC: 2.7ms)
  Rendered layout /home/josue/.rvm/gems/ruby-3.2.0/gems/railties-7.2.2.1/lib/rails/templates/layouts/application.html.erb (Duration: 30.3ms | GC: 2.7ms)
Completed 200 OK in 146ms (Views: 54.2ms | ActiveRecord: 0.0ms (0 queries, 0 cached) | GC: 4.4ms)


Started GET "/containers" for 127.0.0.1 at 2025-02-20 22:36:43 -0300
  
SyntaxError (/home/josue/Documentos/Programming/container_control/app/controllers/containers_controller.rb:9: else without rescue is useless
    else
    ^~~~
/home/josue/Documentos/Programming/container_control/app/controllers/containers_controller.rb:15: syntax error, unexpected `end'):
  
app/controllers/containers_controller.rb:9: else without rescue is useless
app/controllers/containers_controller.rb:15: syntax error, unexpected `end'
Started GET "/containers" for 127.0.0.1 at 2025-02-20 22:38:54 -0300
Processing by ContainersController#index as */*
  [1m[36mContainer Load (0.2ms)[0m  [1m[34mSELECT "containers".* FROM "containers" ORDER BY "containers"."id" ASC LIMIT ?[0m  [["LIMIT", 1]]
  ↳ app/controllers/containers_controller.rb:5:in `index'
Completed 404 Not Found in 158ms (Views: 0.3ms | ActiveRecord: 4.1ms (1 query, 0 cached) | GC: 2.1ms)


Started GET "/" for ::1 at 2025-02-21 20:45:12 -0300
  [1m[36mActiveRecord::SchemaMigration Load (0.2ms)[0m  [1m[34mSELECT "schema_migrations"."version" FROM "schema_migrations" ORDER BY "schema_migrations"."version" ASC[0m
Processing by Rails::WelcomeController#index as HTML
  Rendering /home/josue/.rvm/gems/ruby-3.2.0/gems/railties-7.2.2.1/lib/rails/templates/rails/welcome/index.html.erb
  Rendered /home/josue/.rvm/gems/ruby-3.2.0/gems/railties-7.2.2.1/lib/rails/templates/rails/welcome/index.html.erb (Duration: 3.4ms | GC: 0.0ms)
Completed 200 OK in 525ms (Views: 212.0ms | ActiveRecord: 0.0ms (0 queries, 0 cached) | GC: 23.6ms)


Started GET "/rails/info/routes" for ::1 at 2025-02-21 20:48:06 -0300
Processing by Rails::InfoController#routes as HTML
  Rendering layout /home/josue/.rvm/gems/ruby-3.2.0/gems/railties-7.2.2.1/lib/rails/templates/layouts/application.html.erb
  Rendering /home/josue/.rvm/gems/ruby-3.2.0/gems/railties-7.2.2.1/lib/rails/templates/rails/info/routes.html.erb within layouts/application
  Rendered collection of /home/josue/.rvm/gems/ruby-3.2.0/gems/actionpack-7.2.2.1/lib/action_dispatch/middleware/templates/routes/_route.html.erb [29 times] (Duration: 26.3ms | GC: 2.3ms)
  Rendered /home/josue/.rvm/gems/ruby-3.2.0/gems/actionpack-7.2.2.1/lib/action_dispatch/middleware/templates/routes/_table.html.erb (Duration: 7.9ms | GC: 0.5ms)
  Rendered /home/josue/.rvm/gems/ruby-3.2.0/gems/railties-7.2.2.1/lib/rails/templates/rails/info/routes.html.erb within layouts/application (Duration: 80.5ms | GC: 4.0ms)
  Rendered layout /home/josue/.rvm/gems/ruby-3.2.0/gems/railties-7.2.2.1/lib/rails/templates/layouts/application.html.erb (Duration: 81.5ms | GC: 4.0ms)
Completed 200 OK in 104ms (Views: 83.6ms | ActiveRecord: 0.0ms (0 queries, 0 cached) | GC: 4.0ms)


Started GET "/favicon.ico" for ::1 at 2025-02-21 20:48:07 -0300
  
ActionController::RoutingError (No route matches [GET] "/favicon.ico"):
  
Started GET "/rails/info/routes" for ::1 at 2025-02-21 20:48:31 -0300
  [1m[36mActiveRecord::SchemaMigration Load (0.2ms)[0m  [1m[34mSELECT "schema_migrations"."version" FROM "schema_migrations" ORDER BY "schema_migrations"."version" ASC[0m
Processing by Rails::InfoController#routes as HTML
  Rendering layout /home/josue/.rvm/gems/ruby-3.2.0/gems/railties-7.2.2.1/lib/rails/templates/layouts/application.html.erb
  Rendering /home/josue/.rvm/gems/ruby-3.2.0/gems/railties-7.2.2.1/lib/rails/templates/rails/info/routes.html.erb within layouts/application
  Rendered collection of /home/josue/.rvm/gems/ruby-3.2.0/gems/actionpack-7.2.2.1/lib/action_dispatch/middleware/templates/routes/_route.html.erb [29 times] (Duration: 22.8ms | GC: 11.2ms)
  Rendered /home/josue/.rvm/gems/ruby-3.2.0/gems/actionpack-7.2.2.1/lib/action_dispatch/middleware/templates/routes/_table.html.erb (Duration: 1.4ms | GC: 0.0ms)
  Rendered /home/josue/.rvm/gems/ruby-3.2.0/gems/railties-7.2.2.1/lib/rails/templates/rails/info/routes.html.erb within layouts/application (Duration: 28.2ms | GC: 11.2ms)
  Rendered layout /home/josue/.rvm/gems/ruby-3.2.0/gems/railties-7.2.2.1/lib/rails/templates/layouts/application.html.erb (Duration: 29.2ms | GC: 11.2ms)
Completed 200 OK in 39ms (Views: 33.9ms | ActiveRecord: 0.0ms (0 queries, 0 cached) | GC: 11.2ms)


Started GET "/rails/info/routes" for ::1 at 2025-02-21 20:48:55 -0300
Processing by Rails::InfoController#routes as HTML
  Rendering layout /home/josue/.rvm/gems/ruby-3.2.0/gems/railties-7.2.2.1/lib/rails/templates/layouts/application.html.erb
  Rendering /home/josue/.rvm/gems/ruby-3.2.0/gems/railties-7.2.2.1/lib/rails/templates/rails/info/routes.html.erb within layouts/application
  Rendered collection of /home/josue/.rvm/gems/ruby-3.2.0/gems/actionpack-7.2.2.1/lib/action_dispatch/middleware/templates/routes/_route.html.erb [28 times] (Duration: 10.3ms | GC: 1.0ms)
  Rendered /home/josue/.rvm/gems/ruby-3.2.0/gems/actionpack-7.2.2.1/lib/action_dispatch/middleware/templates/routes/_table.html.erb (Duration: 0.8ms | GC: 0.0ms)
  Rendered /home/josue/.rvm/gems/ruby-3.2.0/gems/railties-7.2.2.1/lib/rails/templates/rails/info/routes.html.erb within layouts/application (Duration: 15.9ms | GC: 1.0ms)
  Rendered layout /home/josue/.rvm/gems/ruby-3.2.0/gems/railties-7.2.2.1/lib/rails/templates/layouts/application.html.erb (Duration: 16.6ms | GC: 1.0ms)
Completed 200 OK in 19ms (Views: 18.3ms | ActiveRecord: 0.0ms (0 queries, 0 cached) | GC: 1.5ms)


Started GET "/rails/info/routes" for ::1 at 2025-02-21 20:49:17 -0300
Processing by Rails::InfoController#routes as HTML
  Rendering layout /home/josue/.rvm/gems/ruby-3.2.0/gems/railties-7.2.2.1/lib/rails/templates/layouts/application.html.erb
  Rendering /home/josue/.rvm/gems/ruby-3.2.0/gems/railties-7.2.2.1/lib/rails/templates/rails/info/routes.html.erb within layouts/application
  Rendered collection of /home/josue/.rvm/gems/ruby-3.2.0/gems/actionpack-7.2.2.1/lib/action_dispatch/middleware/templates/routes/_route.html.erb [29 times] (Duration: 11.7ms | GC: 1.3ms)
  Rendered /home/josue/.rvm/gems/ruby-3.2.0/gems/actionpack-7.2.2.1/lib/action_dispatch/middleware/templates/routes/_table.html.erb (Duration: 0.7ms | GC: 0.0ms)
  Rendered /home/josue/.rvm/gems/ruby-3.2.0/gems/railties-7.2.2.1/lib/rails/templates/rails/info/routes.html.erb within layouts/application (Duration: 21.8ms | GC: 7.0ms)
  Rendered layout /home/josue/.rvm/gems/ruby-3.2.0/gems/railties-7.2.2.1/lib/rails/templates/layouts/application.html.erb (Duration: 22.3ms | GC: 7.0ms)
Completed 200 OK in 28ms (Views: 26.7ms | ActiveRecord: 0.0ms (0 queries, 0 cached) | GC: 10.2ms)


Started GET "/rails/info/routes?query=cont" for ::1 at 2025-02-21 20:50:01 -0300
Processing by Rails::InfoController#routes as */*
  Parameters: {"query"=>"cont"}
Completed 200 OK in 5ms (Views: 0.2ms | ActiveRecord: 0.0ms (0 queries, 0 cached) | GC: 0.3ms)


Started GET "/rails/info/routes?query=container" for ::1 at 2025-02-21 20:50:03 -0300
Processing by Rails::InfoController#routes as */*
  Parameters: {"query"=>"container"}
Completed 200 OK in 4ms (Views: 0.1ms | ActiveRecord: 0.0ms (0 queries, 0 cached) | GC: 0.3ms)


Started GET "/rails/info/routes?query=container_" for ::1 at 2025-02-21 20:50:06 -0300
Processing by Rails::InfoController#routes as */*
  Parameters: {"query"=>"container_"}
Completed 200 OK in 4ms (Views: 0.1ms | ActiveRecord: 0.0ms (0 queries, 0 cached) | GC: 0.6ms)


Started GET "/rails/info/routes?query=container_pa" for ::1 at 2025-02-21 20:50:07 -0300
Processing by Rails::InfoController#routes as */*
  Parameters: {"query"=>"container_pa"}
Completed 200 OK in 16ms (Views: 0.3ms | ActiveRecord: 0.0ms (0 queries, 0 cached) | GC: 0.9ms)


Started GET "/rails/info/routes?query=container_path" for ::1 at 2025-02-21 20:50:07 -0300
Processing by Rails::InfoController#routes as */*
  Parameters: {"query"=>"container_path"}
Completed 200 OK in 3ms (Views: 0.1ms | ActiveRecord: 0.0ms (0 queries, 0 cached) | GC: 0.0ms)


Started GET "/rails/info/routes?query=container_pat" for ::1 at 2025-02-21 20:50:14 -0300
Processing by Rails::InfoController#routes as */*
  Parameters: {"query"=>"container_pat"}
Completed 200 OK in 4ms (Views: 0.2ms | ActiveRecord: 0.0ms (0 queries, 0 cached) | GC: 0.0ms)


Started GET "/rails/info/routes?query=container" for ::1 at 2025-02-21 20:50:17 -0300
Processing by Rails::InfoController#routes as */*
  Parameters: {"query"=>"container"}
Completed 200 OK in 4ms (Views: 0.1ms | ActiveRecord: 0.0ms (0 queries, 0 cached) | GC: 0.0ms)


Started GET "/containers" for ::1 at 2025-02-21 21:19:03 -0300
Processing by ContainersController#index as */*
  [1m[36mContainer Load (34.4ms)[0m  [1m[34mSELECT "containers".* FROM "containers" ORDER BY "containers"."id" ASC LIMIT ?[0m  [["LIMIT", 1]]
  ↳ app/controllers/containers_controller.rb:5:in `index'
Completed 404 Not Found in 170ms (Views: 0.5ms | ActiveRecord: 39.4ms (1 query, 0 cached) | GC: 1.4ms)


  [1m[36mTRANSACTION (0.1ms)[0m  [1m[36mbegin transaction[0m
  [1m[36mContainer Create (0.7ms)[0m  [1m[32mINSERT INTO "containers" ("name", "image", "status", "created_at", "updated_at") VALUES (?, ?, ?, ?, ?) RETURNING "id"[0m  [["name", "Container_Teste"], ["image", "ubuntu"], ["status", "inativo"], ["created_at", "2025-02-22 00:21:25.534974"], ["updated_at", "2025-02-22 00:21:25.534974"]]
  [1m[36mTRANSACTION (403.7ms)[0m  [1m[36mcommit transaction[0m
  [1m[36mContainer Load (0.5ms)[0m  [1m[34mSELECT "containers".* FROM "containers" ORDER BY "containers"."id" ASC LIMIT ?[0m  [["LIMIT", 1]]
Started GET "/containers" for ::1 at 2025-02-21 21:21:48 -0300
Processing by ContainersController#index as */*
  [1m[36mContainer Load (0.1ms)[0m  [1m[34mSELECT "containers".* FROM "containers" ORDER BY "containers"."id" ASC LIMIT ?[0m  [["LIMIT", 1]]
  ↳ app/controllers/containers_controller.rb:5:in `index'
Completed 200 OK in 15ms (Views: 0.5ms | ActiveRecord: 0.4ms (1 query, 0 cached) | GC: 0.6ms)


Started POST "/containers" for ::1 at 2025-02-21 21:24:34 -0300
Error occurred while parsing request parameters.
Contents:

{
    "name": "Container_2",
    "image": "windows",
    "status": "active",
}
Processing by ContainersController#create as */*
Completed 400 Bad Request in 1ms (ActiveRecord: 0.0ms (0 queries, 0 cached) | GC: 0.0ms)


  
ActionDispatch::Http::Parameters::ParseError (Error occurred while parsing request parameters):

Causes:
JSON::ParserError (expected object key, got: '}')
  
app/controllers/containers_controller.rb:14:in `create'
Started POST "/containers" for ::1 at 2025-02-21 21:24:48 -0300
Processing by ContainersController#create as */*
  Parameters: {"name"=>"Container_2", "image"=>"windows", "status"=>"active", "container"=>{"name"=>"Container_2", "image"=>"windows", "status"=>"active"}}
Completed 500 Internal Server Error in 1ms (ActiveRecord: 0.0ms (0 queries, 0 cached) | GC: 0.0ms)


  
ActiveModel::ForbiddenAttributesError (ActiveModel::ForbiddenAttributesError):
  
app/controllers/containers_controller.rb:14:in `create'
Started POST "/containers" for ::1 at 2025-02-21 21:27:16 -0300
Processing by ContainersController#create as */*
  Parameters: {"name"=>"Container_2", "image"=>"windows", "status"=>"active", "container"=>{"name"=>"Container_2", "image"=>"windows", "status"=>"active"}}
Completed 500 Internal Server Error in 4ms (ActiveRecord: 1.6ms (0 queries, 0 cached) | GC: 0.0ms)


  
ActiveModel::ForbiddenAttributesError (ActiveModel::ForbiddenAttributesError):
  
app/controllers/containers_controller.rb:14:in `create'
Started POST "/containers" for ::1 at 2025-02-21 21:27:41 -0300
  [1m[36mActiveRecord::SchemaMigration Load (0.2ms)[0m  [1m[34mSELECT "schema_migrations"."version" FROM "schema_migrations" ORDER BY "schema_migrations"."version" ASC[0m
Processing by ContainersController#create as */*
  Parameters: {"name"=>"Container_2", "image"=>"windows", "status"=>"active", "container"=>{"name"=>"Container_2", "image"=>"windows", "status"=>"active"}}
Completed 500 Internal Server Error in 29ms (ActiveRecord: 1.7ms (0 queries, 0 cached) | GC: 14.1ms)


  
ActiveModel::ForbiddenAttributesError (ActiveModel::ForbiddenAttributesError):
  
app/controllers/containers_controller.rb:14:in `create'
Started POST "/containers" for ::1 at 2025-02-21 21:28:18 -0300
Processing by ContainersController#create as */*
  Parameters: {"name"=>"Container_2", "image"=>"windows", "status"=>"active", "container"=>{"name"=>"Container_2", "image"=>"windows", "status"=>"active"}}
  [1m[36mTRANSACTION (0.1ms)[0m  [1m[36mbegin transaction[0m
  ↳ app/controllers/containers_controller.rb:16:in `create'
  [1m[36mContainer Create (2.3ms)[0m  [1m[32mINSERT INTO "containers" ("name", "image", "status", "created_at", "updated_at") VALUES (?, ?, ?, ?, ?) RETURNING "id"[0m  [["name", "Container_2"], ["image", "windows"], ["status", "active"], ["created_at", "2025-02-22 00:28:18.508964"], ["updated_at", "2025-02-22 00:28:18.508964"]]
  ↳ app/controllers/containers_controller.rb:16:in `create'
  [1m[36mTRANSACTION (170.6ms)[0m  [1m[36mcommit transaction[0m
  ↳ app/controllers/containers_controller.rb:16:in `create'
Completed 201 Created in 183ms (Views: 0.9ms | ActiveRecord: 173.9ms (1 query, 0 cached) | GC: 0.4ms)


Started GET "/containers" for ::1 at 2025-02-21 21:28:30 -0300
Processing by ContainersController#index as */*
  Parameters: {"name"=>"Container_2", "image"=>"windows", "status"=>"active", "container"=>{"name"=>"Container_2", "image"=>"windows", "status"=>"active"}}
  [1m[36mContainer Load (0.2ms)[0m  [1m[34mSELECT "containers".* FROM "containers" ORDER BY "containers"."id" ASC LIMIT ?[0m  [["LIMIT", 1]]
  ↳ app/controllers/containers_controller.rb:5:in `index'
Completed 200 OK in 8ms (Views: 0.6ms | ActiveRecord: 0.2ms (1 query, 0 cached) | GC: 0.0ms)


Started GET "/containers" for ::1 at 2025-02-21 21:28:49 -0300
Processing by ContainersController#index as */*
  Parameters: {"name"=>"Container_2", "image"=>"windows", "status"=>"active", "container"=>{"name"=>"Container_2", "image"=>"windows", "status"=>"active"}}
  [1m[36mContainer Load (0.2ms)[0m  [1m[34mSELECT "containers".* FROM "containers"[0m
  ↳ app/controllers/containers_controller.rb:7:in `index'
Completed 200 OK in 7ms (Views: 5.4ms | ActiveRecord: 1.6ms (1 query, 0 cached) | GC: 0.3ms)


Started GET "/containers/1" for ::1 at 2025-02-21 21:38:19 -0300
  
SyntaxError (/home/josue/Documentos/Programming/container_control/app/controllers/containers_controller.rb:19: syntax error, unexpected '}', expecting =>
...n: {"error: Contact not found"}
...                              ^
):
  
app/controllers/containers_controller.rb:19: syntax error, unexpected '}', expecting =>
Started GET "/containers/1" for ::1 at 2025-02-21 21:41:52 -0300
Processing by ContainersController#show as */*
  Parameters: {"name"=>"Container_2", "image"=>"windows", "status"=>"active", "id"=>"1", "container"=>{"name"=>"Container_2", "image"=>"windows", "status"=>"active"}}
  [1m[36mContainer Load (1.5ms)[0m  [1m[34mSELECT "containers".* FROM "containers" WHERE "containers"."id" = ? LIMIT ?[0m  [["id", 1], ["LIMIT", 1]]
  ↳ app/controllers/containers_controller.rb:46:in `set_container'
Completed 200 OK in 104ms (Views: 0.3ms | ActiveRecord: 1.5ms (1 query, 0 cached) | GC: 0.2ms)


Started GET "/containers/1" for ::1 at 2025-02-21 21:52:10 -0300
Processing by ContainersController#show as */*
  Parameters: {"status"=>"active", "id"=>"1", "container"=>{"status"=>"active"}}
  [1m[36mContainer Load (0.9ms)[0m  [1m[34mSELECT "containers".* FROM "containers" WHERE "containers"."id" = ? LIMIT ?[0m  [["id", 1], ["LIMIT", 1]]
  ↳ app/controllers/containers_controller.rb:55:in `set_container'
Completed 200 OK in 5ms (Views: 0.3ms | ActiveRecord: 0.9ms (1 query, 0 cached) | GC: 0.0ms)


Started POST "/containers/1" for ::1 at 2025-02-21 21:52:18 -0300
  
ActionController::RoutingError (No route matches [POST] "/containers/1"):
  
Started PATCH "/containers/1" for ::1 at 2025-02-21 21:52:59 -0300
Processing by ContainersController#update as */*
  Parameters: {"status"=>"active", "id"=>"1", "container"=>{"status"=>"active"}}
  [1m[36mContainer Load (0.2ms)[0m  [1m[34mSELECT "containers".* FROM "containers" WHERE "containers"."id" = ? LIMIT ?[0m  [["id", 1], ["LIMIT", 1]]
  ↳ app/controllers/containers_controller.rb:55:in `set_container'
  [1m[36mTRANSACTION (0.1ms)[0m  [1m[36mbegin transaction[0m
  ↳ app/controllers/containers_controller.rb:39:in `update'
  [1m[36mContainer Update (1.3ms)[0m  [1m[33mUPDATE "containers" SET "status" = ?, "updated_at" = ? WHERE "containers"."id" = ?[0m  [["status", "active"], ["updated_at", "2025-02-22 00:52:59.633301"], ["id", 1]]
  ↳ app/controllers/containers_controller.rb:39:in `update'
  [1m[36mTRANSACTION (153.2ms)[0m  [1m[36mcommit transaction[0m
  ↳ app/controllers/containers_controller.rb:39:in `update'
Completed 200 OK in 161ms (Views: 0.3ms | ActiveRecord: 154.6ms (2 queries, 0 cached) | GC: 0.0ms)


Started PATCH "/containers/1" for ::1 at 2025-02-21 21:53:29 -0300
Processing by ContainersController#update as */*
  Parameters: {"status"=>56, "id"=>"1", "container"=>{"status"=>56}}
  [1m[36mContainer Load (0.1ms)[0m  [1m[34mSELECT "containers".* FROM "containers" WHERE "containers"."id" = ? LIMIT ?[0m  [["id", 1], ["LIMIT", 1]]
  ↳ app/controllers/containers_controller.rb:55:in `set_container'
  [1m[36mTRANSACTION (0.1ms)[0m  [1m[36mbegin transaction[0m
  ↳ app/controllers/containers_controller.rb:39:in `update'
  [1m[36mContainer Update (2.9ms)[0m  [1m[33mUPDATE "containers" SET "status" = ?, "updated_at" = ? WHERE "containers"."id" = ?[0m  [["status", "56"], ["updated_at", "2025-02-22 00:53:29.377230"], ["id", 1]]
  ↳ app/controllers/containers_controller.rb:39:in `update'
  [1m[36mTRANSACTION (0.1ms)[0m  [1m[36mcommit transaction[0m
  ↳ app/controllers/containers_controller.rb:39:in `update'
Completed 200 OK in 8ms (Views: 0.3ms | ActiveRecord: 3.2ms (2 queries, 0 cached) | GC: 0.0ms)


Started PATCH "/containers/1" for ::1 at 2025-02-21 21:53:42 -0300
Processing by ContainersController#update as */*
  Parameters: {"status"=>"active", "id"=>"1", "container"=>{"status"=>"active"}}
  [1m[36mContainer Load (0.1ms)[0m  [1m[34mSELECT "containers".* FROM "containers" WHERE "containers"."id" = ? LIMIT ?[0m  [["id", 1], ["LIMIT", 1]]
  ↳ app/controllers/containers_controller.rb:55:in `set_container'
  [1m[36mTRANSACTION (0.1ms)[0m  [1m[36mbegin transaction[0m
  ↳ app/controllers/containers_controller.rb:39:in `update'
  [1m[36mContainer Update (1.5ms)[0m  [1m[33mUPDATE "containers" SET "status" = ?, "updated_at" = ? WHERE "containers"."id" = ?[0m  [["status", "active"], ["updated_at", "2025-02-22 00:53:42.424082"], ["id", 1]]
  ↳ app/controllers/containers_controller.rb:39:in `update'
  [1m[36mTRANSACTION (0.2ms)[0m  [1m[36mcommit transaction[0m
  ↳ app/controllers/containers_controller.rb:39:in `update'
Completed 200 OK in 7ms (Views: 0.4ms | ActiveRecord: 1.8ms (2 queries, 0 cached) | GC: 0.5ms)


Started PATCH "/containers/1" for ::1 at 2025-02-21 21:54:05 -0300
Processing by ContainersController#update as */*
  Parameters: {"name"=>"Test_Container", "id"=>"1", "container"=>{"name"=>"Test_Container"}}
  [1m[36mContainer Load (0.2ms)[0m  [1m[34mSELECT "containers".* FROM "containers" WHERE "containers"."id" = ? LIMIT ?[0m  [["id", 1], ["LIMIT", 1]]
  ↳ app/controllers/containers_controller.rb:55:in `set_container'
  [1m[36mTRANSACTION (0.1ms)[0m  [1m[36mbegin transaction[0m
  ↳ app/controllers/containers_controller.rb:39:in `update'
  [1m[36mContainer Update (2.5ms)[0m  [1m[33mUPDATE "containers" SET "name" = ?, "updated_at" = ? WHERE "containers"."id" = ?[0m  [["name", "Test_Container"], ["updated_at", "2025-02-22 00:54:05.341917"], ["id", 1]]
  ↳ app/controllers/containers_controller.rb:39:in `update'
  [1m[36mTRANSACTION (0.1ms)[0m  [1m[36mcommit transaction[0m
  ↳ app/controllers/containers_controller.rb:39:in `update'
Completed 200 OK in 9ms (Views: 0.3ms | ActiveRecord: 2.8ms (2 queries, 0 cached) | GC: 0.3ms)


Started GET "/containers/1" for ::1 at 2025-02-21 22:02:21 -0300
Processing by ContainersController#show as */*
  Parameters: {"name"=>"Test_Container", "id"=>"1", "container"=>{"name"=>"Test_Container"}}
  [1m[36mContainer Load (1.3ms)[0m  [1m[34mSELECT "containers".* FROM "containers" WHERE "containers"."id" = ? LIMIT ?[0m  [["id", 1], ["LIMIT", 1]]
  ↳ app/controllers/containers_controller.rb:54:in `set_container'
Completed 200 OK in 6ms (Views: 0.4ms | ActiveRecord: 1.3ms (1 query, 0 cached) | GC: 0.2ms)


Started GET "/containers/1" for ::1 at 2025-02-21 22:02:37 -0300
  [1m[36mActiveRecord::SchemaMigration Load (0.2ms)[0m  [1m[34mSELECT "schema_migrations"."version" FROM "schema_migrations" ORDER BY "schema_migrations"."version" ASC[0m
Processing by ContainersController#show as */*
  Parameters: {"name"=>"Test_Container", "id"=>"1", "container"=>{"name"=>"Test_Container"}}
  [1m[36mContainer Load (0.2ms)[0m  [1m[34mSELECT "containers".* FROM "containers" WHERE "containers"."id" = ? LIMIT ?[0m  [["id", 1], ["LIMIT", 1]]
  ↳ app/controllers/containers_controller.rb:54:in `set_container'
[active_model_serializers] Rendered ContainerSerializer with ActiveModelSerializers::Adapter::Attributes (0.82ms)
Completed 200 OK in 144ms (Views: 125.5ms | ActiveRecord: 2.1ms (1 query, 0 cached) | GC: 2.1ms)


Started GET "/containers" for ::1 at 2025-02-21 22:05:29 -0300
Processing by ContainersController#index as */*
  Parameters: {"name"=>"Test_Container", "container"=>{"name"=>"Test_Container"}}
Completed 404 Not Found in 0ms (ActiveRecord: 0.0ms (0 queries, 0 cached) | GC: 0.0ms)


  
ActiveRecord::RecordNotFound (Couldn't find Container without an ID):
  
app/controllers/containers_controller.rb:54:in `set_container'
Started GET "/container" for ::1 at 2025-02-21 22:05:55 -0300
  
ActionController::RoutingError (No route matches [GET] "/container"):
  
Started GET "/containers" for ::1 at 2025-02-21 22:06:07 -0300
Processing by ContainersController#index as */*
  Parameters: {"name"=>"Test_Container", "container"=>{"name"=>"Test_Container"}}
Completed 404 Not Found in 0ms (ActiveRecord: 0.0ms (0 queries, 0 cached) | GC: 0.0ms)


  
ActiveRecord::RecordNotFound (Couldn't find Container without an ID):
  
app/controllers/containers_controller.rb:54:in `set_container'
Started GET "/containers/1" for ::1 at 2025-02-21 22:06:12 -0300
Processing by ContainersController#show as */*
  Parameters: {"name"=>"Test_Container", "id"=>"1", "container"=>{"name"=>"Test_Container"}}
  [1m[36mContainer Load (0.2ms)[0m  [1m[34mSELECT "containers".* FROM "containers" WHERE "containers"."id" = ? LIMIT ?[0m  [["id", 1], ["LIMIT", 1]]
  ↳ app/controllers/containers_controller.rb:54:in `set_container'
[active_model_serializers] Rendered ContainerSerializer with ActiveModelSerializers::Adapter::Attributes (0.33ms)
Completed 200 OK in 3ms (Views: 0.9ms | ActiveRecord: 0.1ms (1 query, 0 cached) | GC: 0.0ms)


Started GET "/rails/info/routes" for ::1 at 2025-02-21 22:06:17 -0300
Processing by Rails::InfoController#routes as HTML
  Rendering layout /home/josue/.rvm/gems/ruby-3.2.0/gems/railties-7.2.2.1/lib/rails/templates/layouts/application.html.erb
  Rendering /home/josue/.rvm/gems/ruby-3.2.0/gems/railties-7.2.2.1/lib/rails/templates/rails/info/routes.html.erb within layouts/application
  Rendered collection of /home/josue/.rvm/gems/ruby-3.2.0/gems/actionpack-7.2.2.1/lib/action_dispatch/middleware/templates/routes/_route.html.erb [29 times] (Duration: 14.6ms | GC: 0.3ms)
  Rendered /home/josue/.rvm/gems/ruby-3.2.0/gems/actionpack-7.2.2.1/lib/action_dispatch/middleware/templates/routes/_table.html.erb (Duration: 1.3ms | GC: 0.0ms)
  Rendered /home/josue/.rvm/gems/ruby-3.2.0/gems/railties-7.2.2.1/lib/rails/templates/rails/info/routes.html.erb within layouts/application (Duration: 23.4ms | GC: 0.3ms)
  Rendered layout /home/josue/.rvm/gems/ruby-3.2.0/gems/railties-7.2.2.1/lib/rails/templates/layouts/application.html.erb (Duration: 24.5ms | GC: 0.3ms)
Completed 200 OK in 42ms (Views: 28.9ms | ActiveRecord: 0.0ms (0 queries, 0 cached) | GC: 0.4ms)


Started PATCH "/containers/1" for ::1 at 2025-02-21 22:06:57 -0300
Processing by ContainersController#update as */*
  Parameters: {"status"=>"inactive", "id"=>"1", "container"=>{"status"=>"inactive"}}
  [1m[36mContainer Load (0.2ms)[0m  [1m[34mSELECT "containers".* FROM "containers" WHERE "containers"."id" = ? LIMIT ?[0m  [["id", 1], ["LIMIT", 1]]
  ↳ app/controllers/containers_controller.rb:54:in `set_container'
  [1m[36mTRANSACTION (0.1ms)[0m  [1m[36mbegin transaction[0m
  ↳ app/controllers/containers_controller.rb:38:in `update'
  [1m[36mContainer Update (2.1ms)[0m  [1m[33mUPDATE "containers" SET "status" = ?, "updated_at" = ? WHERE "containers"."id" = ?[0m  [["status", "inactive"], ["updated_at", "2025-02-22 01:06:57.188871"], ["id", 1]]
  ↳ app/controllers/containers_controller.rb:38:in `update'
  [1m[36mTRANSACTION (144.9ms)[0m  [1m[36mcommit transaction[0m
  ↳ app/controllers/containers_controller.rb:38:in `update'
[active_model_serializers] Rendered ContainerSerializer with ActiveModelSerializers::Adapter::Attributes (0.46ms)
Completed 200 OK in 155ms (Views: 1.5ms | ActiveRecord: 147.1ms (2 queries, 0 cached) | GC: 0.0ms)


Started GET "/containers" for ::1 at 2025-02-21 22:07:09 -0300
Processing by ContainersController#index as */*
Completed 404 Not Found in 0ms (ActiveRecord: 0.0ms (0 queries, 0 cached) | GC: 0.0ms)


  
ActiveRecord::RecordNotFound (Couldn't find Container without an ID):
  
app/controllers/containers_controller.rb:54:in `set_container'
Started GET "/containers" for ::1 at 2025-02-21 22:10:03 -0300
  
SyntaxError (/home/josue/Documentos/Programming/container_control/app/controllers/containers_controller.rb:2: syntax error, unexpected local variable or method, expecting `end' or dummy end
...fore_action :set_container only: %i[show update ]
...                           ^~~~
):
  
app/controllers/containers_controller.rb:2: syntax error, unexpected local variable or method, expecting `end' or dummy end
Started GET "/containers" for ::1 at 2025-02-21 22:11:01 -0300
  [1m[36mActiveRecord::SchemaMigration Load (0.2ms)[0m  [1m[34mSELECT "schema_migrations"."version" FROM "schema_migrations" ORDER BY "schema_migrations"."version" ASC[0m
  
SyntaxError (/home/josue/Documentos/Programming/container_control/app/controllers/containers_controller.rb:2: syntax error, unexpected local variable or method, expecting `end' or dummy end
...fore_action :set_container only: %i[ show update ]
...                           ^~~~
):
  
app/controllers/containers_controller.rb:2: syntax error, unexpected local variable or method, expecting `end' or dummy end
Started GET "/containers" for ::1 at 2025-02-21 22:11:49 -0300
Processing by ContainersController#index as */*
  [1m[36mContainer Load (1.6ms)[0m  [1m[34mSELECT "containers".* FROM "containers"[0m
  ↳ app/controllers/containers_controller.rb:8:in `index'
[active_model_serializers] Rendered ActiveModel::Serializer::CollectionSerializer with ActiveModelSerializers::Adapter::Attributes (0.49ms)
Completed 200 OK in 28ms (Views: 11.5ms | ActiveRecord: 2.9ms (1 query, 0 cached) | GC: 0.2ms)


Started GET "/containers/1" for ::1 at 2025-02-21 22:11:58 -0300
Processing by ContainersController#show as */*
  Parameters: {"id"=>"1"}
  [1m[36mContainer Load (0.2ms)[0m  [1m[34mSELECT "containers".* FROM "containers" WHERE "containers"."id" = ? LIMIT ?[0m  [["id", 1], ["LIMIT", 1]]
  ↳ app/controllers/containers_controller.rb:54:in `set_container'
[active_model_serializers] Rendered ContainerSerializer with ActiveModelSerializers::Adapter::Attributes (0.3ms)
Completed 200 OK in 5ms (Views: 0.9ms | ActiveRecord: 0.2ms (1 query, 0 cached) | GC: 0.0ms)


Started GET "/containers" for ::1 at 2025-02-21 22:12:01 -0300
Processing by ContainersController#index as */*
  [1m[36mContainer Load (0.1ms)[0m  [1m[34mSELECT "containers".* FROM "containers"[0m
  ↳ app/controllers/containers_controller.rb:8:in `index'
[active_model_serializers] Rendered ActiveModel::Serializer::CollectionSerializer with ActiveModelSerializers::Adapter::Attributes (0.31ms)
Completed 200 OK in 2ms (Views: 2.1ms | ActiveRecord: 0.1ms (1 query, 0 cached) | GC: 0.0ms)


Started DELETE "/containers/3" for ::1 at 2025-02-21 22:41:22 -0300
Processing by ContainersController#destroy as */*
  Parameters: {"id"=>"3"}
[active_model_serializers] Rendered ActiveModel::Serializer::Null with Hash (0.05ms)
Completed 404 Not Found in 2ms (Views: 1.8ms | ActiveRecord: 0.0ms (0 queries, 0 cached) | GC: 0.0ms)


Started DELETE "/containers/1" for ::1 at 2025-02-21 22:41:29 -0300
Processing by ContainersController#destroy as */*
  Parameters: {"id"=>"1"}
[active_model_serializers] Rendered ActiveModel::Serializer::Null with Hash (0.05ms)
Completed 404 Not Found in 1ms (Views: 0.5ms | ActiveRecord: 0.0ms (0 queries, 0 cached) | GC: 0.0ms)


Started GET "/containers/1" for ::1 at 2025-02-21 22:42:16 -0300
Processing by ContainersController#show as */*
  Parameters: {"id"=>"1"}
  [1m[36mContainer Load (1.3ms)[0m  [1m[34mSELECT "containers".* FROM "containers" WHERE "containers"."id" = ? LIMIT ?[0m  [["id", 1], ["LIMIT", 1]]
  ↳ app/controllers/containers_controller.rb:64:in `set_container'
[active_model_serializers] Rendered ContainerSerializer with ActiveModelSerializers::Adapter::Attributes (0.25ms)
Completed 200 OK in 19ms (Views: 1.2ms | ActiveRecord: 1.3ms (1 query, 0 cached) | GC: 0.0ms)


Started DELETE "/containers/1" for ::1 at 2025-02-21 22:42:24 -0300
Processing by ContainersController#destroy as */*
  Parameters: {"id"=>"1"}
[active_model_serializers] Rendered ActiveModel::Serializer::Null with Hash (0.03ms)
Completed 404 Not Found in 1ms (Views: 0.4ms | ActiveRecord: 0.0ms (0 queries, 0 cached) | GC: 0.0ms)


Started DELETE "/containers/1" for ::1 at 2025-02-21 22:43:54 -0300
Processing by ContainersController#destroy as */*
  Parameters: {"id"=>"1"}
  [1m[36mContainer Load (0.1ms)[0m  [1m[34mSELECT "containers".* FROM "containers" WHERE "containers"."id" = ? LIMIT ?[0m  [["id", 1], ["LIMIT", 1]]
  ↳ app/controllers/containers_controller.rb:64:in `set_container'
  [1m[36mTRANSACTION (0.1ms)[0m  [1m[36mbegin transaction[0m
  ↳ app/controllers/containers_controller.rb:48:in `destroy'
  [1m[36mContainer Destroy (1.2ms)[0m  [1m[31mDELETE FROM "containers" WHERE "containers"."id" = ?[0m  [["id", 1]]
  ↳ app/controllers/containers_controller.rb:48:in `destroy'
  [1m[36mTRANSACTION (152.9ms)[0m  [1m[36mcommit transaction[0m
  ↳ app/controllers/containers_controller.rb:48:in `destroy'
Completed 204 No Content in 165ms (ActiveRecord: 155.4ms (2 queries, 0 cached) | GC: 0.4ms)


Started GET "/containers/1" for ::1 at 2025-02-21 22:44:00 -0300
Processing by ContainersController#show as */*
  Parameters: {"id"=>"1"}
  [1m[36mContainer Load (0.2ms)[0m  [1m[34mSELECT "containers".* FROM "containers" WHERE "containers"."id" = ? LIMIT ?[0m  [["id", 1], ["LIMIT", 1]]
  ↳ app/controllers/containers_controller.rb:64:in `set_container'
Completed 404 Not Found in 2ms (ActiveRecord: 0.1ms (1 query, 0 cached) | GC: 0.0ms)


  
ActiveRecord::RecordNotFound (Couldn't find Container with 'id'=1):
  
app/controllers/containers_controller.rb:64:in `set_container'
Started GET "/containers" for ::1 at 2025-02-21 22:44:08 -0300
Processing by ContainersController#index as */*
  [1m[36mContainer Load (0.2ms)[0m  [1m[34mSELECT "containers".* FROM "containers"[0m
  ↳ app/controllers/containers_controller.rb:8:in `index'
[active_model_serializers] Rendered ActiveModel::Serializer::CollectionSerializer with ActiveModelSerializers::Adapter::Attributes (0.25ms)
Completed 200 OK in 5ms (Views: 4.1ms | ActiveRecord: 0.2ms (1 query, 0 cached) | GC: 0.0ms)


Started GET "/" for ::1 at 2025-02-22 14:37:35 -0300
  [1m[36mActiveRecord::SchemaMigration Load (0.2ms)[0m  [1m[34mSELECT "schema_migrations"."version" FROM "schema_migrations" ORDER BY "schema_migrations"."version" ASC[0m
Processing by Rails::WelcomeController#index as HTML
  Rendering /home/josue/.rvm/gems/ruby-3.2.0/gems/railties-7.2.2.1/lib/rails/templates/rails/welcome/index.html.erb
  Rendered /home/josue/.rvm/gems/ruby-3.2.0/gems/railties-7.2.2.1/lib/rails/templates/rails/welcome/index.html.erb (Duration: 2.4ms | GC: 0.0ms)
Completed 200 OK in 118ms (Views: 35.8ms | ActiveRecord: 0.0ms (0 queries, 0 cached) | GC: 0.9ms)


Started GET "/rails/info/routes" for ::1 at 2025-02-22 14:37:38 -0300
Processing by Rails::InfoController#routes as HTML
  Rendering layout /home/josue/.rvm/gems/ruby-3.2.0/gems/railties-7.2.2.1/lib/rails/templates/layouts/application.html.erb
  Rendering /home/josue/.rvm/gems/ruby-3.2.0/gems/railties-7.2.2.1/lib/rails/templates/rails/info/routes.html.erb within layouts/application
  Rendered collection of /home/josue/.rvm/gems/ruby-3.2.0/gems/actionpack-7.2.2.1/lib/action_dispatch/middleware/templates/routes/_route.html.erb [29 times] (Duration: 58.9ms | GC: 18.0ms)
  Rendered /home/josue/.rvm/gems/ruby-3.2.0/gems/actionpack-7.2.2.1/lib/action_dispatch/middleware/templates/routes/_table.html.erb (Duration: 29.2ms | GC: 12.0ms)
  Rendered /home/josue/.rvm/gems/ruby-3.2.0/gems/railties-7.2.2.1/lib/rails/templates/rails/info/routes.html.erb within layouts/application (Duration: 130.4ms | GC: 30.0ms)
  Rendered layout /home/josue/.rvm/gems/ruby-3.2.0/gems/railties-7.2.2.1/lib/rails/templates/layouts/application.html.erb (Duration: 161.7ms | GC: 59.6ms)
Completed 200 OK in 188ms (Views: 163.3ms | ActiveRecord: 0.0ms (0 queries, 0 cached) | GC: 60.8ms)


Started GET "/favicon.ico" for ::1 at 2025-02-22 14:37:39 -0300
  
ActionController::RoutingError (No route matches [GET] "/favicon.ico"):
  
Started GET "/containers" for ::1 at 2025-02-22 14:41:25 -0300
Processing by ContainersController#index as */*
  [1m[36mContainer Load (2.6ms)[0m  [1m[34mSELECT "containers".* FROM "containers"[0m
  ↳ app/controllers/containers_controller.rb:8:in `index'
[active_model_serializers] Rendered ActiveModel::Serializer::CollectionSerializer with ActiveModelSerializers::Adapter::Attributes (1.01ms)
Completed 200 OK in 165ms (Views: 84.2ms | ActiveRecord: 5.2ms (1 query, 0 cached) | GC: 2.2ms)


Started POST "/containers" for ::1 at 2025-02-22 14:42:03 -0300
Processing by ContainersController#create as */*
  Parameters: {"name"=>"Container_3", "image"=>"ubuntu", "status"=>"inactive", "container"=>{"name"=>"Container_3", "image"=>"ubuntu", "status"=>"inactive"}}
  [1m[36mTRANSACTION (0.1ms)[0m  [1m[36mbegin transaction[0m
  ↳ app/controllers/containers_controller.rb:28:in `create'
  [1m[36mContainer Create (2.2ms)[0m  [1m[32mINSERT INTO "containers" ("name", "image", "status", "created_at", "updated_at") VALUES (?, ?, ?, ?, ?) RETURNING "id"[0m  [["name", "Container_3"], ["image", "ubuntu"], ["status", "inactive"], ["created_at", "2025-02-22 17:42:03.797561"], ["updated_at", "2025-02-22 17:42:03.797561"]]
  ↳ app/controllers/containers_controller.rb:28:in `create'
  [1m[36mTRANSACTION (155.4ms)[0m  [1m[36mcommit transaction[0m
  ↳ app/controllers/containers_controller.rb:28:in `create'
[active_model_serializers] Rendered ContainerSerializer with ActiveModelSerializers::Adapter::Attributes (0.33ms)
Completed 201 Created in 166ms (Views: 1.6ms | ActiveRecord: 157.6ms (1 query, 0 cached) | GC: 0.5ms)


Started GET "/containers" for ::1 at 2025-02-22 14:42:37 -0300
Processing by ContainersController#index as */*
  Parameters: {"name"=>"Container_3", "image"=>"ubuntu", "status"=>"inactive", "container"=>{"name"=>"Container_3", "image"=>"ubuntu", "status"=>"inactive"}}
  [1m[36mContainer Load (0.2ms)[0m  [1m[34mSELECT "containers".* FROM "containers"[0m
  ↳ app/controllers/containers_controller.rb:8:in `index'
[active_model_serializers] Rendered ActiveModel::Serializer::CollectionSerializer with ActiveModelSerializers::Adapter::Attributes (0.61ms)
Completed 200 OK in 10ms (Views: 8.8ms | ActiveRecord: 1.7ms (1 query, 0 cached) | GC: 0.0ms)


Started DELETE "/containers/4" for ::1 at 2025-02-22 14:43:01 -0300
Processing by ContainersController#destroy as */*
  Parameters: {"name"=>"Container_3", "image"=>"ubuntu", "status"=>"inactive", "id"=>"4", "container"=>{"name"=>"Container_3", "image"=>"ubuntu", "status"=>"inactive"}}
  [1m[36mContainer Load (0.6ms)[0m  [1m[34mSELECT "containers".* FROM "containers" WHERE "containers"."id" = ? LIMIT ?[0m  [["id", 4], ["LIMIT", 1]]
  ↳ app/controllers/containers_controller.rb:63:in `set_container'
Completed 404 Not Found in 34ms (ActiveRecord: 0.5ms (1 query, 0 cached) | GC: 0.0ms)


  
ActiveRecord::RecordNotFound (Couldn't find Container with 'id'=4):
  
app/controllers/containers_controller.rb:63:in `set_container'
Started GET "/containers" for ::1 at 2025-02-22 14:43:12 -0300
Processing by ContainersController#index as */*
  Parameters: {"name"=>"Container_3", "image"=>"ubuntu", "status"=>"inactive", "container"=>{"name"=>"Container_3", "image"=>"ubuntu", "status"=>"inactive"}}
  [1m[36mContainer Load (0.1ms)[0m  [1m[34mSELECT "containers".* FROM "containers"[0m
  ↳ app/controllers/containers_controller.rb:8:in `index'
[active_model_serializers] Rendered ActiveModel::Serializer::CollectionSerializer with ActiveModelSerializers::Adapter::Attributes (0.71ms)
Completed 200 OK in 4ms (Views: 3.4ms | ActiveRecord: 0.1ms (1 query, 0 cached) | GC: 0.0ms)


Started POST "/containers" for ::1 at 2025-02-22 18:04:32 -0300
  [1m[36mActiveRecord::SchemaMigration Load (0.2ms)[0m  [1m[34mSELECT "schema_migrations"."version" FROM "schema_migrations" ORDER BY "schema_migrations"."version" ASC[0m
Processing by ContainersController#create as */*
  Parameters: {"name"=>"Container_3", "image"=>"ubuntu", "status"=>"inactive", "container"=>{"name"=>"Container_3", "image"=>"ubuntu", "status"=>"inactive"}}
Completed 500 Internal Server Error in 937ms (ActiveRecord: 1.7ms (0 queries, 0 cached) | GC: 0.6ms)


  
NoMethodError (undefined method `save!' for #<Docker::Container:0x00007f8d4a127eb8 @id="91534660d31560a53a126298ebc79232e94da2057775108acbe3430f4a16a73d", @info={"Warnings"=>[], "id"=>"91534660d31560a53a126298ebc79232e94da2057775108acbe3430f4a16a73d"}, @connection=#<Docker::Connection:0x00007f8d4a118c10 @url="unix:///", @options={:socket=>"/var/run/docker.sock"}>>):
  
app/controllers/containers_controller.rb:32:in `create'
Started POST "/containers" for ::1 at 2025-02-22 18:05:14 -0300
Processing by ContainersController#create as */*
  Parameters: {"name"=>"Container_3", "image"=>"ubuntu", "status"=>"inactive", "container"=>{"name"=>"Container_3", "image"=>"ubuntu", "status"=>"inactive"}}
Completed 500 Internal Server Error in 2ms (ActiveRecord: 3.0ms (0 queries, 0 cached) | GC: 0.0ms)


  
Docker::Error::ConflictError ({"message":"Conflict. The container name \"/Container_3\" is already in use by container \"91534660d31560a53a126298ebc79232e94da2057775108acbe3430f4a16a73d\". You have to remove (or rename) that container to be able to reuse that name."}
):

Causes:
Excon::Error::Conflict (Expected([200, 201, 202, 203, 204, 301, 304]) <=> Actual(409 Conflict)
)
  
app/controllers/containers_controller.rb:26:in `create'
Started POST "/containers" for ::1 at 2025-02-22 18:05:38 -0300
Processing by ContainersController#create as */*
  Parameters: {"name"=>"Container_4", "image"=>"ubuntu", "status"=>"inactive", "container"=>{"name"=>"Container_4", "image"=>"ubuntu", "status"=>"inactive"}}
[active_model_serializers] Rendered ActiveModel::Serializer::Null with Hash (0.14ms)
Completed 200 OK in 1025ms (Views: 5.6ms | ActiveRecord: 0.0ms (0 queries, 0 cached) | GC: 0.0ms)


Started GET "/containers" for ::1 at 2025-02-22 18:05:56 -0300
Processing by ContainersController#index as */*
  Parameters: {"name"=>"Container_4", "image"=>"ubuntu", "status"=>"inactive", "container"=>{"name"=>"Container_4", "image"=>"ubuntu", "status"=>"inactive"}}
  [1m[36mContainer Load (0.5ms)[0m  [1m[34mSELECT "containers".* FROM "containers"[0m
  ↳ app/controllers/containers_controller.rb:9:in `index'
[active_model_serializers] Rendered ActiveModel::Serializer::CollectionSerializer with ActiveModelSerializers::Adapter::Attributes (1.48ms)
Completed 200 OK in 223ms (Views: 80.9ms | ActiveRecord: 1.0ms (1 query, 0 cached) | GC: 2.1ms)


  [1m[36mActiveRecord::InternalMetadata Load (0.2ms)[0m  [1m[34mSELECT * FROM "ar_internal_metadata" WHERE "ar_internal_metadata"."key" = ? ORDER BY "ar_internal_metadata"."key" ASC LIMIT 1[0m  [[nil, "environment"]]
  [1m[36mActiveRecord::SchemaMigration Load (0.1ms)[0m  [1m[34mSELECT "schema_migrations"."version" FROM "schema_migrations" ORDER BY "schema_migrations"."version" ASC[0m
Migrating to AddDockerIdToContainers (20250222211131)
  [1m[36mTRANSACTION (0.1ms)[0m  [1m[36mbegin transaction[0m
  [1m[35m (1.4ms)[0m  [1m[35mALTER TABLE "containers" ADD "docker_id" varchar[0m
  [1m[36mActiveRecord::SchemaMigration Create (0.2ms)[0m  [1m[32mINSERT INTO "schema_migrations" ("version") VALUES ('20250222211131') RETURNING "version"[0m
  [1m[36mTRANSACTION (66.4ms)[0m  [1m[36mcommit transaction[0m
  [1m[36mActiveRecord::SchemaMigration Load (0.2ms)[0m  [1m[34mSELECT "schema_migrations"."version" FROM "schema_migrations" ORDER BY "schema_migrations"."version" ASC[0m
Started GET "/containers" for ::1 at 2025-02-22 18:20:41 -0300
  [1m[36mActiveRecord::SchemaMigration Load (0.2ms)[0m  [1m[34mSELECT "schema_migrations"."version" FROM "schema_migrations" ORDER BY "schema_migrations"."version" ASC[0m
  
SyntaxError (/home/josue/Documentos/Programming/container_control/app/controllers/containers_controller.rb:80: syntax error, unexpected `end'):
  
app/controllers/containers_controller.rb:80: syntax error, unexpected `end'
Error occurred while parsing request parameters.
Contents:

{
        "name": "Container_5",
        "image": "ubuntu",
    }
Started POST "/containers" for ::1 at 2025-02-22 18:20:47 -0300
  
SyntaxError (/home/josue/Documentos/Programming/container_control/app/controllers/containers_controller.rb:80: syntax error, unexpected `end'):
  
app/controllers/containers_controller.rb:80: syntax error, unexpected `end'
Error occurred while parsing request parameters.
Contents:

{
        "name": "Container_5",
        "image": "ubuntu",
    }
Started POST "/containers" for ::1 at 2025-02-22 18:21:28 -0300
  [1m[36mActiveRecord::SchemaMigration Load (0.2ms)[0m  [1m[34mSELECT "schema_migrations"."version" FROM "schema_migrations" ORDER BY "schema_migrations"."version" ASC[0m
  
SyntaxError (/home/josue/Documentos/Programming/container_control/app/controllers/containers_controller.rb:80: syntax error, unexpected `end'):
  
app/controllers/containers_controller.rb:80: syntax error, unexpected `end'
  [1m[36mActiveRecord::InternalMetadata Load (0.2ms)[0m  [1m[34mSELECT * FROM "ar_internal_metadata" WHERE "ar_internal_metadata"."key" = ? ORDER BY "ar_internal_metadata"."key" ASC LIMIT 1[0m  [[nil, "environment"]]
  [1m[36mActiveRecord::SchemaMigration Load (0.1ms)[0m  [1m[34mSELECT "schema_migrations"."version" FROM "schema_migrations" ORDER BY "schema_migrations"."version" ASC[0m
  [1m[36mActiveRecord::SchemaMigration Load (0.0ms)[0m  [1m[34mSELECT "schema_migrations"."version" FROM "schema_migrations" ORDER BY "schema_migrations"."version" ASC[0m
Started POST "/containers" for ::1 at 2025-02-22 18:26:56 -0300
Processing by ContainersController#create as */*
  Parameters: {"name"=>"Container_5", "image"=>"ubuntu", "container"=>{"name"=>"Container_5", "image"=>"ubuntu"}}
Completed 500 Internal Server Error in 1135ms (ActiveRecord: 1.4ms (0 queries, 0 cached) | GC: 29.8ms)


  
ArgumentError (wrong number of arguments (given 2, expected 1)):
  
app/controllers/containers_controller.rb:32:in `create'
Started POST "/containers" for ::1 at 2025-02-22 18:28:01 -0300
Processing by ContainersController#create as */*
  Parameters: {"name"=>"Container_5", "image"=>"ubuntu", "container"=>{"name"=>"Container_5", "image"=>"ubuntu"}}
Completed 500 Internal Server Error in 1017ms (ActiveRecord: 1.1ms (0 queries, 0 cached) | GC: 0.0ms)


  
ArgumentError (wrong number of arguments (given 2, expected 1)):
  
app/controllers/containers_controller.rb:32:in `create'
Started POST "/containers" for ::1 at 2025-02-22 18:28:49 -0300
Processing by ContainersController#create as */*
  Parameters: {"name"=>"Container_5", "image"=>"ubuntu", "container"=>{"name"=>"Container_5", "image"=>"ubuntu"}}
Completed 500 Internal Server Error in 874ms (ActiveRecord: 0.0ms (0 queries, 0 cached) | GC: 0.0ms)


  
ArgumentError (wrong number of arguments (given 2, expected 1)):
  
app/controllers/containers_controller.rb:32:in `create'
Started POST "/containers" for ::1 at 2025-02-22 18:34:54 -0300
Processing by ContainersController#create as */*
  Parameters: {"name"=>"Container_5", "image"=>"ubuntu", "container"=>{"name"=>"Container_5", "image"=>"ubuntu"}}
  [1m[36mTRANSACTION (0.2ms)[0m  [1m[36mbegin transaction[0m
  ↳ app/controllers/containers_controller.rb:31:in `create'
  [1m[36mContainer Exists? (9.0ms)[0m  [1m[34mSELECT 1 AS one FROM "containers" WHERE "containers"."docker_id" = ? LIMIT ?[0m  [["docker_id", "b67caaa9e65a4285534c1d87f4ae38062a065c5faa9ca33acace7e18cdc6c290"], ["LIMIT", 1]]
  ↳ app/controllers/containers_controller.rb:31:in `create'
  [1m[36mContainer Create (0.9ms)[0m  [1m[32mINSERT INTO "containers" ("name", "image", "status", "created_at", "updated_at", "docker_id") VALUES (?, ?, ?, ?, ?, ?) RETURNING "id"[0m  [["name", "Container_5"], ["image", "ubuntu"], ["status", "running"], ["created_at", "2025-02-22 21:34:55.722648"], ["updated_at", "2025-02-22 21:34:55.722648"], ["docker_id", "b67caaa9e65a4285534c1d87f4ae38062a065c5faa9ca33acace7e18cdc6c290"]]
  ↳ app/controllers/containers_controller.rb:31:in `create'
  [1m[36mTRANSACTION (116.0ms)[0m  [1m[36mcommit transaction[0m
  ↳ app/controllers/containers_controller.rb:31:in `create'
  [1m[36mTRANSACTION (0.1ms)[0m  [1m[36mbegin transaction[0m
  ↳ app/controllers/containers_controller.rb:37:in `create'
  [1m[36mContainer Exists? (5.5ms)[0m  [1m[34mSELECT 1 AS one FROM "containers" WHERE "containers"."docker_id" = ? AND "containers"."id" != ? LIMIT ?[0m  [["docker_id", "b67caaa9e65a4285534c1d87f4ae38062a065c5faa9ca33acace7e18cdc6c290"], ["id", 4], ["LIMIT", 1]]
  ↳ app/controllers/containers_controller.rb:37:in `create'
  [1m[36mTRANSACTION (0.2ms)[0m  [1m[36mcommit transaction[0m
  ↳ app/controllers/containers_controller.rb:37:in `create'
[active_model_serializers] Rendered ContainerSerializer with ActiveModelSerializers::Adapter::Attributes (1.26ms)
Completed 200 OK in 1277ms (Views: 13.9ms | ActiveRecord: 139.0ms (3 queries, 0 cached) | GC: 1.4ms)


Started GET "/containers" for ::1 at 2025-02-22 18:35:08 -0300
Processing by ContainersController#index as */*
  Parameters: {"name"=>"Container_5", "image"=>"ubuntu", "container"=>{"name"=>"Container_5", "image"=>"ubuntu"}}
  [1m[36mContainer Load (0.2ms)[0m  [1m[34mSELECT "containers".* FROM "containers"[0m
  ↳ app/controllers/containers_controller.rb:9:in `index'
[active_model_serializers] Rendered ActiveModel::Serializer::CollectionSerializer with ActiveModelSerializers::Adapter::Attributes (0.64ms)
Completed 200 OK in 4ms (Views: 3.6ms | ActiveRecord: 0.2ms (1 query, 0 cached) | GC: 0.0ms)


Started GET "/containers" for ::1 at 2025-02-22 18:35:39 -0300
Processing by ContainersController#index as */*
  Parameters: {"name"=>"Container_5", "image"=>"ubuntu", "container"=>{"name"=>"Container_5", "image"=>"ubuntu"}}
  [1m[36mContainer Load (0.2ms)[0m  [1m[34mSELECT "containers".* FROM "containers"[0m
  ↳ app/controllers/containers_controller.rb:9:in `index'
[active_model_serializers] Rendered ActiveModel::Serializer::CollectionSerializer with ActiveModelSerializers::Adapter::Attributes (0.46ms)
Completed 200 OK in 8ms (Views: 7.6ms | ActiveRecord: 1.8ms (1 query, 0 cached) | GC: 0.2ms)


Started GET "/containers/4" for ::1 at 2025-02-22 18:38:35 -0300
Processing by ContainersController#show as */*
  Parameters: {"name"=>"Container_5", "image"=>"ubuntu", "id"=>"4", "container"=>{"name"=>"Container_5", "image"=>"ubuntu"}}
[active_model_serializers] Rendered ActiveModel::Serializer::Null with Hash (0.05ms)
Completed 200 OK in 10ms (Views: 10.1ms | ActiveRecord: 0.0ms (0 queries, 0 cached) | GC: 0.5ms)


Started GET "/containers/3" for ::1 at 2025-02-22 18:38:43 -0300
Processing by ContainersController#show as */*
  Parameters: {"name"=>"Container_5", "image"=>"ubuntu", "id"=>"3", "container"=>{"name"=>"Container_5", "image"=>"ubuntu"}}
[active_model_serializers] Rendered ActiveModel::Serializer::Null with Hash (0.03ms)
Completed 200 OK in 1ms (Views: 0.4ms | ActiveRecord: 0.0ms (0 queries, 0 cached) | GC: 0.0ms)


Started GET "/containers/2" for ::1 at 2025-02-22 18:38:50 -0300
Processing by ContainersController#show as */*
  Parameters: {"name"=>"Container_5", "image"=>"ubuntu", "id"=>"2", "container"=>{"name"=>"Container_5", "image"=>"ubuntu"}}
[active_model_serializers] Rendered ActiveModel::Serializer::Null with Hash (0.03ms)
Completed 200 OK in 0ms (Views: 0.3ms | ActiveRecord: 0.0ms (0 queries, 0 cached) | GC: 0.0ms)


Started GET "/containers" for ::1 at 2025-02-22 18:38:55 -0300
Processing by ContainersController#index as */*
  Parameters: {"name"=>"Container_5", "image"=>"ubuntu", "container"=>{"name"=>"Container_5", "image"=>"ubuntu"}}
  [1m[36mContainer Load (0.1ms)[0m  [1m[34mSELECT "containers".* FROM "containers"[0m
  ↳ app/controllers/containers_controller.rb:9:in `index'
[active_model_serializers] Rendered ActiveModel::Serializer::CollectionSerializer with ActiveModelSerializers::Adapter::Attributes (0.88ms)
Completed 200 OK in 3ms (Views: 3.0ms | ActiveRecord: 0.1ms (1 query, 0 cached) | GC: 0.0ms)


Started GET "/containers" for ::1 at 2025-02-22 18:40:23 -0300
Processing by ContainersController#index as */*
  Parameters: {"name"=>"Container_5", "image"=>"ubuntu", "container"=>{"name"=>"Container_5", "image"=>"ubuntu"}}
  [1m[36mContainer Load (0.2ms)[0m  [1m[34mSELECT "containers".* FROM "containers"[0m
  ↳ app/controllers/containers_controller.rb:9:in `index'
[active_model_serializers] Rendered ActiveModel::Serializer::CollectionSerializer with ActiveModelSerializers::Adapter::Attributes (0.79ms)
Completed 200 OK in 12ms (Views: 10.5ms | ActiveRecord: 1.7ms (1 query, 0 cached) | GC: 0.0ms)


Started GET "/containers/4" for ::1 at 2025-02-22 18:40:29 -0300
Processing by ContainersController#show as */*
  Parameters: {"name"=>"Container_5", "image"=>"ubuntu", "id"=>"4", "container"=>{"name"=>"Container_5", "image"=>"ubuntu"}}
  [1m[36mContainer Load (0.2ms)[0m  [1m[34mSELECT "containers".* FROM "containers" WHERE "containers"."id" = ? LIMIT ?[0m  [["id", 4], ["LIMIT", 1]]
  ↳ app/controllers/containers_controller.rb:74:in `set_container'
[active_model_serializers] Rendered ContainerSerializer with ActiveModelSerializers::Adapter::Attributes (0.35ms)
Completed 200 OK in 3ms (Views: 0.9ms | ActiveRecord: 0.1ms (1 query, 0 cached) | GC: 0.0ms)


Started DELETE "/containers/4" for ::1 at 2025-02-22 18:44:18 -0300
Processing by ContainersController#destroy as */*
  Parameters: {"name"=>"Container_5", "image"=>"ubuntu", "id"=>"4", "container"=>{"name"=>"Container_5", "image"=>"ubuntu"}}
  [1m[36mContainer Load (0.1ms)[0m  [1m[34mSELECT "containers".* FROM "containers" WHERE "containers"."id" = ? LIMIT ?[0m  [["id", 4], ["LIMIT", 1]]
  ↳ app/controllers/containers_controller.rb:74:in `set_container'
  [1m[36mTRANSACTION (0.1ms)[0m  [1m[36mbegin transaction[0m
  ↳ app/controllers/containers_controller.rb:58:in `destroy'
  [1m[36mContainer Destroy (2.3ms)[0m  [1m[31mDELETE FROM "containers" WHERE "containers"."id" = ?[0m  [["id", 4]]
  ↳ app/controllers/containers_controller.rb:58:in `destroy'
  [1m[36mTRANSACTION (153.3ms)[0m  [1m[36mcommit transaction[0m
  ↳ app/controllers/containers_controller.rb:58:in `destroy'
Completed 204 No Content in 162ms (ActiveRecord: 155.8ms (2 queries, 0 cached) | GC: 0.0ms)


Started GET "/containers" for ::1 at 2025-02-22 18:44:24 -0300
Processing by ContainersController#index as */*
  Parameters: {"name"=>"Container_5", "image"=>"ubuntu", "container"=>{"name"=>"Container_5", "image"=>"ubuntu"}}
  [1m[36mContainer Load (0.1ms)[0m  [1m[34mSELECT "containers".* FROM "containers"[0m
  ↳ app/controllers/containers_controller.rb:9:in `index'
[active_model_serializers] Rendered ActiveModel::Serializer::CollectionSerializer with ActiveModelSerializers::Adapter::Attributes (0.65ms)
Completed 200 OK in 4ms (Views: 3.9ms | ActiveRecord: 0.1ms (1 query, 0 cached) | GC: 0.0ms)


Started POST "/containers" for ::1 at 2025-02-22 18:50:53 -0300
Processing by ContainersController#create as */*
  Parameters: {"name"=>"Container_5", "image"=>"ubuntu", "container"=>{"name"=>"Container_5", "image"=>"ubuntu"}}
  [1m[36mTRANSACTION (0.1ms)[0m  [1m[36mbegin transaction[0m
  ↳ app/controllers/containers_controller.rb:31:in `create'
  [1m[36mContainer Exists? (3.6ms)[0m  [1m[34mSELECT 1 AS one FROM "containers" WHERE "containers"."docker_id" = ? LIMIT ?[0m  [["docker_id", "4b514ec91a20bc78c5a87f4ebcc2f9650c5469f3f213aef31fe2ea8f701fc0b8"], ["LIMIT", 1]]
  ↳ app/controllers/containers_controller.rb:31:in `create'
  [1m[36mContainer Create (0.2ms)[0m  [1m[32mINSERT INTO "containers" ("name", "image", "status", "created_at", "updated_at", "docker_id") VALUES (?, ?, ?, ?, ?, ?) RETURNING "id"[0m  [["name", "Container_5"], ["image", "ubuntu"], ["status", "running"], ["created_at", "2025-02-22 21:50:54.519396"], ["updated_at", "2025-02-22 21:50:54.519396"], ["docker_id", "4b514ec91a20bc78c5a87f4ebcc2f9650c5469f3f213aef31fe2ea8f701fc0b8"]]
  ↳ app/controllers/containers_controller.rb:31:in `create'
  [1m[36mTRANSACTION (106.0ms)[0m  [1m[36mcommit transaction[0m
  ↳ app/controllers/containers_controller.rb:31:in `create'
  [1m[36mTRANSACTION (0.1ms)[0m  [1m[36mbegin transaction[0m
  ↳ app/controllers/containers_controller.rb:37:in `create'
  [1m[36mContainer Exists? (0.3ms)[0m  [1m[34mSELECT 1 AS one FROM "containers" WHERE "containers"."docker_id" = ? AND "containers"."id" != ? LIMIT ?[0m  [["docker_id", "4b514ec91a20bc78c5a87f4ebcc2f9650c5469f3f213aef31fe2ea8f701fc0b8"], ["id", 5], ["LIMIT", 1]]
  ↳ app/controllers/containers_controller.rb:37:in `create'
  [1m[36mTRANSACTION (0.2ms)[0m  [1m[36mcommit transaction[0m
  ↳ app/controllers/containers_controller.rb:37:in `create'
[active_model_serializers] Rendered ContainerSerializer with ActiveModelSerializers::Adapter::Attributes (1.29ms)
Completed 200 OK in 936ms (Views: 5.5ms | ActiveRecord: 115.2ms (3 queries, 0 cached) | GC: 0.6ms)


Started GET "/containers" for ::1 at 2025-02-22 19:09:04 -0300
Processing by ContainersController#index as */*
  Parameters: {"name"=>"Container_5", "image"=>"ubuntu", "container"=>{"name"=>"Container_5", "image"=>"ubuntu"}}
  [1m[36mContainer Load (0.9ms)[0m  [1m[34mSELECT "containers".* FROM "containers"[0m
  ↳ app/controllers/containers_controller.rb:9:in `index'
[active_model_serializers] Rendered ActiveModel::Serializer::CollectionSerializer with ActiveModelSerializers::Adapter::Attributes (0.43ms)
Completed 200 OK in 6ms (Views: 5.3ms | ActiveRecord: 0.8ms (1 query, 0 cached) | GC: 0.0ms)


Started POST "/containers" for ::1 at 2025-02-22 19:09:18 -0300
Processing by ContainersController#create as */*
  Parameters: {"name"=>"Container_6", "image"=>"ubuntu", "container"=>{"name"=>"Container_6", "image"=>"ubuntu"}}
  [1m[36mTRANSACTION (0.1ms)[0m  [1m[36mbegin transaction[0m
  ↳ app/controllers/containers_controller.rb:32:in `create'
  [1m[36mContainer Exists? (2.1ms)[0m  [1m[34mSELECT 1 AS one FROM "containers" WHERE "containers"."docker_id" = ? LIMIT ?[0m  [["docker_id", "d1b9e9c418c4f628854ffdb5e0966420762d855cbd3d0e52e7effc4b347361f2"], ["LIMIT", 1]]
  ↳ app/controllers/containers_controller.rb:32:in `create'
  [1m[36mContainer Create (0.2ms)[0m  [1m[32mINSERT INTO "containers" ("name", "image", "status", "created_at", "updated_at", "docker_id") VALUES (?, ?, ?, ?, ?, ?) RETURNING "id"[0m  [["name", "Container_6"], ["image", "ubuntu"], ["status", "running"], ["created_at", "2025-02-22 22:09:19.844010"], ["updated_at", "2025-02-22 22:09:19.844010"], ["docker_id", "d1b9e9c418c4f628854ffdb5e0966420762d855cbd3d0e52e7effc4b347361f2"]]
  ↳ app/controllers/containers_controller.rb:32:in `create'
  [1m[36mTRANSACTION (52.7ms)[0m  [1m[36mcommit transaction[0m
  ↳ app/controllers/containers_controller.rb:32:in `create'
  [1m[36mTRANSACTION (0.1ms)[0m  [1m[36mbegin transaction[0m
  ↳ app/controllers/containers_controller.rb:38:in `create'
  [1m[36mContainer Exists? (4.9ms)[0m  [1m[34mSELECT 1 AS one FROM "containers" WHERE "containers"."docker_id" = ? AND "containers"."id" != ? LIMIT ?[0m  [["docker_id", "d1b9e9c418c4f628854ffdb5e0966420762d855cbd3d0e52e7effc4b347361f2"], ["id", 6], ["LIMIT", 1]]
  ↳ app/controllers/containers_controller.rb:38:in `create'
  [1m[36mTRANSACTION (0.1ms)[0m  [1m[36mcommit transaction[0m
  ↳ app/controllers/containers_controller.rb:38:in `create'
[active_model_serializers] Rendered ContainerSerializer with ActiveModelSerializers::Adapter::Attributes (1.02ms)
Completed 200 OK in 1049ms (Views: 3.3ms | ActiveRecord: 60.1ms (3 queries, 0 cached) | GC: 0.0ms)


Started DELETE "/containers/6" for ::1 at 2025-02-22 19:09:47 -0300
Processing by ContainersController#destroy as */*
  Parameters: {"name"=>"Container_6", "image"=>"ubuntu", "id"=>"6", "container"=>{"name"=>"Container_6", "image"=>"ubuntu"}}
  [1m[36mContainer Load (0.2ms)[0m  [1m[34mSELECT "containers".* FROM "containers" WHERE "containers"."id" = ? LIMIT ?[0m  [["id", 6], ["LIMIT", 1]]
  ↳ app/controllers/containers_controller.rb:77:in `set_container'
  [1m[36mTRANSACTION (0.1ms)[0m  [1m[36mbegin transaction[0m
  ↳ app/controllers/containers_controller.rb:61:in `destroy'
  [1m[36mContainer Destroy (2.5ms)[0m  [1m[31mDELETE FROM "containers" WHERE "containers"."id" = ?[0m  [["id", 6]]
  ↳ app/controllers/containers_controller.rb:61:in `destroy'
  [1m[36mTRANSACTION (0.2ms)[0m  [1m[36mcommit transaction[0m
  ↳ app/controllers/containers_controller.rb:61:in `destroy'
Completed 204 No Content in 205ms (ActiveRecord: 2.9ms (2 queries, 0 cached) | GC: 0.0ms)


Started GET "/containers" for ::1 at 2025-02-22 19:10:04 -0300
Processing by ContainersController#index as */*
  Parameters: {"name"=>"Container_6", "image"=>"ubuntu", "container"=>{"name"=>"Container_6", "image"=>"ubuntu"}}
  [1m[36mContainer Load (0.1ms)[0m  [1m[34mSELECT "containers".* FROM "containers"[0m
  ↳ app/controllers/containers_controller.rb:9:in `index'
[active_model_serializers] Rendered ActiveModel::Serializer::CollectionSerializer with ActiveModelSerializers::Adapter::Attributes (0.61ms)
Completed 200 OK in 4ms (Views: 3.2ms | ActiveRecord: 0.1ms (1 query, 0 cached) | GC: 0.0ms)


Started DELETE "/containers/5" for ::1 at 2025-02-22 19:10:12 -0300
Processing by ContainersController#destroy as */*
  Parameters: {"name"=>"Container_6", "image"=>"ubuntu", "id"=>"5", "container"=>{"name"=>"Container_6", "image"=>"ubuntu"}}
  [1m[36mContainer Load (0.2ms)[0m  [1m[34mSELECT "containers".* FROM "containers" WHERE "containers"."id" = ? LIMIT ?[0m  [["id", 5], ["LIMIT", 1]]
  ↳ app/controllers/containers_controller.rb:77:in `set_container'
  [1m[36mTRANSACTION (0.1ms)[0m  [1m[36mbegin transaction[0m
  ↳ app/controllers/containers_controller.rb:61:in `destroy'
  [1m[36mContainer Destroy (2.9ms)[0m  [1m[31mDELETE FROM "containers" WHERE "containers"."id" = ?[0m  [["id", 5]]
  ↳ app/controllers/containers_controller.rb:61:in `destroy'
  [1m[36mTRANSACTION (0.3ms)[0m  [1m[36mcommit transaction[0m
  ↳ app/controllers/containers_controller.rb:61:in `destroy'
Completed 204 No Content in 206ms (ActiveRecord: 3.4ms (2 queries, 0 cached) | GC: 0.0ms)


Started GET "/containers" for ::1 at 2025-02-22 19:10:17 -0300
Processing by ContainersController#index as */*
  Parameters: {"name"=>"Container_6", "image"=>"ubuntu", "container"=>{"name"=>"Container_6", "image"=>"ubuntu"}}
  [1m[36mContainer Load (0.1ms)[0m  [1m[34mSELECT "containers".* FROM "containers"[0m
  ↳ app/controllers/containers_controller.rb:9:in `index'
[active_model_serializers] Rendered ActiveModel::Serializer::CollectionSerializer with ActiveModelSerializers::Adapter::Attributes (0.56ms)
Completed 200 OK in 4ms (Views: 3.4ms | ActiveRecord: 0.1ms (1 query, 0 cached) | GC: 0.0ms)


